3 0 151 228
2 1 196
4 2 184 230 261
3 3 102 216
4 4 127 253 281
3 5 122 238
3 6 131 233
4 7 105 188 278
3 8 160 263
3 9 136 259
3 10 231 265
2 11 260
4 12 195 267 285
4 13 129 221 298
4 14 115 176 256
3 15 162 289
2 16 203
4 17 128 192 252
3 18 166 217
3 19 159 214
2 20 181
3 21 141 294
3 22 140 251
3 23 179 277
3 24 101 194
3 25 193 245
3 26 114 266
3 27 126 295
3 28 173 239
3 29 137 208
3 30 106 234
3 31 148 243
4 32 182 254 286
2 33 250
4 34 133 247 291
3 35 116 241
3 36 164 275
3 37 165 249
3 38 150 219
3 39 142 206
2 40 161
2 41 174
2 42 227
3 43 172 280
4 44 109 144 198
3 45 104 257
3 46 168 264
3 47 199 269
2 48 205
2 49 226
3 50 169 218
3 51 119 212
4 52 130 171 274
2 53 152
2 54 202
3 55 111 200
3 56 117 244
2 57 185
5 58 110 189 246 288
3 59 155 229
3 60 121 262
4 61 107 190 272
3 62 134 236
2 63 201
3 64 113 210
3 65 154 242
3 66 103 207
3 67 138 268
3 68 175 297
3 69 143 215
3 70 153 237
3 71 145 255
3 72 123 209
2 73 177
3 74 170 283
3 75 157 271
3 76 149 287
3 77 146 290
3 78 125 204
3 79 167 293
3 80 186 284
3 81 178 258
3 82 118 197
2 83 223
3 84 139 248
3 85 183 225
3 86 120 240
4 87 158 232 296
3 88 191 273
3 89 222 279
3 90 132 220
3 91 124 224
3 92 147 213
4 93 100 112 276
3 94 187 235
3 95 135 270
3 96 211 299
3 97 180 282
3 98 163 292
3 99 108 156
