12 0 720 1250 1520 1797 2206 2473 2904 3257 3825 4264 4471
14 1 1049 1333 1844 3517 4884 5177 5331 5568 5667 5840 6148 6507 6666
15 2 593 934 1133 1287 1634 2004 2342 2808 3186 3553 3819 4021 4107 4528
16 3 718 1072 1266 1564 2037 2524 2886 3253 3581 3846 4127 4569 5001 5449 5603
22 4 473 891 1197 1397 1906 2278 2628 2842 3091 3526 3838 4266 4542 4919 5011 5348 5823 6091 6255 6498 6664
15 5 549 1378 1770 2047 2279 2620 3888 5094 5476 5598 5926 6273 6392 6521
15 6 545 748 1326 1821 2458 3076 3418 3669 3970 4281 4668 5134 5622 5981
15 7 513 915 1254 1414 1761 2031 2447 2807 2951 4402 5754 6179 6485 6714
21 8 454 1218 1741 2088 2377 2621 2840 3397 3659 4028 4388 4711 5035 5273 5369 5642 5696 5892 6184 6561
13 9 417 576 1355 1586 2146 2288 3917 5546 5963 6267 6502 6808
17 10 597 985 1639 1907 2257 2750 3029 3389 4075 4447 4753 5417 5907 6125 6452 6774
21 11 535 979 1296 1635 1894 2422 2764 3077 3194 3527 3876 4007 4205 4797 5195 5294 5752 6021 6176 6567
21 12 615 965 1482 1850 2071 2561 3087 3290 3513 3688 4116 4655 4901 5347 5848 6213 6370 6577 6797 7060
22 13 600 1291 1582 2114 2417 2682 3098 3265 3786 3891 4115 4261 4641 4905 5159 5605 5767 5949 6291 6599 6736
21 14 575 848 930 1053 1212 1459 2232 2572 2849 3220 3536 4202 4465 5129 5400 5756 6094 6393 6741 6922
14 15 529 878 1240 1519 2038 2276 2428 2867 3444 3716 4006 5398 6601
21 16 542 806 996 1336 1674 1947 2543 2934 3162 3421 3599 3986 4643 4870 4954 5162 5377 5962 6223 6612
17 17 561 1096 1487 1982 2364 2863 3223 3523 3890 4273 4743 4976 5325 5782 6221 6580
18 18 871 1275 1478 2144 2587 2899 3214 3515 4091 4495 4757 5263 5590 5943 6194 6332 6441
19 19 401 717 1263 1544 1853 2224 2456 2679 2943 3157 3309 3648 3745 3977 4253 4478 4644 5772
22 20 418 868 966 1131 1637 2082 2354 2799 3010 3122 3465 3826 4274 4548 4845 5372 5609 5810 6139 6318 6501
19 21 815 1435 1921 2332 2734 3020 3400 3754 4183 4456 4631 4768 5138 5594 5799 6127 6519 7012
20 22 573 874 1273 1734 2016 2322 2681 2858 3277 3801 4119 4606 4996 5554 5703 5995 6339 6545 6925
14 23 1828 3062 3354 3723 4247 4514 4778 4999 5213 5448 5693 6197 6811
18 24 636 1373 1613 1869 2154 2457 2892 3040 3183 3459 3498 3580 4047 4391 4487 4695 4923
19 25 1128 1441 1691 2008 2414 2653 3052 3324 3887 4359 4522 4767 5010 5365 5934 6390 6484 6860
17 26 721 1078 1404 1567 1633 1945 2234 2742 3083 3467 3671 3808 4154 4723 4880 5137
14 27 659 1023 2471 3758 4232 4705 5072 5576 5804 6162 6262 6530 6957
16 28 489 997 1115 1417 1669 1911 2042 2317 2558 2753 3031 3333 3579 3760 5592
21 29 524 971 1152 1286 1864 2247 2798 3046 3343 3781 4022 4585 4883 4979 5319 5525 5773 6056 6302 6582
14 30 443 680 1231 1779 2264 2691 3044 3356 3668 3998 4317 5391 6625
16 31 901 1341 1852 2102 2339 2514 2735 3161 3725 4416 4692 5045 5280 5485 5803
21 32 655 897 1199 1712 1993 2426 2744 3215 3479 3566 4012 4364 4720 5290 5514 5688 5916 6138 6247 6611
21 33 909 1119 1685 2348 2859 3035 3274 3452 3740 4132 4565 4803 4997 5249 5411 5537 5743 6019 6348 6833
13 34 455 905 1694 2121 2520 2692 3036 3283 3590 3934 4201 4469
6 35 944 1227 1664 2111 2418
22 36 488 1166 1601 1816 2333 2607 2759 3276 3464 3806 4111 4384 4597 4857 5362 5682 5940 6169 6590 6777 6906
24 37 696 1082 1340 1528 1751 2226 2705 2952 3142 3460 3713 3896 4105 4358 4699 4766 5046 5243 5565 5786 6015 6524 6710
18 38 548 1174 1724 2091 2493 2778 3116 3497 3844 4400 4715 4995 5422 5463 5953 6287 6722
21 39 678 942 1228 1638 1835 2382 2800 3075 3218 3371 3799 4074 4497 4780 4929 5234 5534 5686 6000 6365
17 40 885 1146 2512 3851 3956 4151 4353 4737 4878 5112 5179 5379 5857 6168 6467 6771
20 41 634 1029 1387 1627 1952 2238 2385 2703 2948 3177 3377 3726 4054 4449 4848 5211 5637 6020 6402
21 42 747 1255 1484 1841 1989 2225 2534 2844 3297 3877 4036 4292 4550 4817 5051 5283 5413 5632 6005 6399
13 43 842 1066 1190 2661 3755 4341 4682 4861 4948 5829 6516 6867
29 44 423 617 749 877 1248 1431 1954 2217 2518 2850 3068 3327 3724 3796 4062 4221 4543 4661 4895 5127 5275 5450 5757 5956 6088 6243 6558 6837
19 45 581 1262 1605 1908 2368 2912 3154 3423 3650 4169 4662 4860 5118 5465 5930 6400 6505 6770
21 46 713 1025 1448 1902 2115 2657 2907 3199 3677 3880 3999 4385 4882 5020 5458 5715 5933 6211 6450 6627
17 47 879 1346 2012 2281 2372 2713 2926 3409 3812 4087 4453 4666 5198 5706 5918 6207
7 48 978 3339 5405 5763 6357 6539
12 49 476 2794 4961 5395 5591 5729 5931 6164 6486 6723 6883
12 50 693 1418 1626 3353 4832 5185 5691 5978 6193 6336 6594
20 51 643 1060 1616 1966 2152 2482 2688 2781 2949 3273 3691 4032 4220 4501 4675 5066 5326 5834 6228
24 52 450 947 1299 1575 2014 2181 2523 3038 3285 3474 3573 3703 4173 4536 4730 5052 5274 5488 5602 5860 6036 6242 6529
19 53 413 578 1087 1716 1949 2574 2847 3335 3556 3737 4194 4500 4952 5383 5770 6037 6333 6842
22 54 464 1036 1531 1755 2040 2361 2662 2984 3437 3649 3873 3993 4237 4435 4915 5165 5349 5616 5898 6421 6872
22 55 731 1107 1521 1881 1988 2151 2404 2787 3198 3439 3921 4113 4590 4822 5110 5285 5481 6006 6280 6435 6683
17 56 460 709 993 1219 1546 2985 4128 4598 4726 4962 5186 5588 5805 5994 6553 6854
21 57 619 1006 1330 1625 1991 2298 2791 3078 3221 3503 3983 4158 4436 4721 5037 5374 5633 5964 6266 6464
13 58 641 2100 3533 3919 4343 4601 4781 4978 5223 5734 6258 6569
22 59 579 1132 1463 1848 1999 2370 2723 2940 3330 3975 4254 4562 4765 4959 5128 5286 5520 5984 6254 6604 6791
8 60 541 830 1118 1678 2059 2452 2591
22 61 638 809 1090 1393 1918 2336 2665 2903 3082 3351 3586 3832 4192 4545 4897 5123 5494 5797 6055 6414 6760
12 62 416 769 1064 1495 1790 2109 2229 2608 3067 3269 3539
17 63 474 1126 1504 1914 2308 2802 3231 3403 3519 3928 4386 4864 5064 5430 5902 6208
15 64 507 1018 2389 3552 4056 4216 4371 4636 5132 5710 6147 6345 6405 6719
18 65 519 744 1108 1679 2081 2375 2671 2817 2897 3135 3534 4167 4401 4708 4932 5272 5800
22 66 667 867 1507 1693 1946 2262 2638 2784 3047 3150 3422 3718 4020 4374 4634 4844 5354 5787 5992 6225 6658
18 67 843 1283 1697 2007 3016 3399 3606 3667 3845 4170 4284 4584 5056 5387 5620 5775 5987
18 68 447 888 1194 2005 2956 3100 3432 3776 4357 4554 4854 5248 5604 6072 6749 6916 7052
17 69 707 1046 1706 2565 2792 3175 3475 3803 3929 4286 4735 5210 5437 5877 6436 6560
16 70 652 1140 2459 3610 3862 3944 4185 4282 4530 4968 5624 5990 6284 6624 6890
20 71 1051 1449 1641 1899 2374 2646 2918 3160 3293 3631 3913 4106 4367 4678 5139 5410 5593 6174 6885
19 72 551 791 870 1185 1547 1732 2002 2407 2727 2988 3119 3633 4078 4567 4981 5393 5530 6028
21 73 610 1020 1510 1745 1975 2502 3105 3266 3551 3857 4024 4260 4396 4637 5018 5310 5493 5768 6029 6165
10 74 784 1271 1578 1810 1883 2155 2718 4851 6738
10 75 691 984 1523 1702 1997 2297 3784 5170 5478
14 76 746 999 1403 1615 2070 2559 2803 2982 3367 4473 5732 6157 6531
16 77 598 1039 1252 1736 2249 2716 2963 3331 3485 3764 4125 4322 4814 5043 5254
20 78 546 916 1360 1602 1796 2006 2245 2510 3005 3449 3720 3989 4224 4563 4896 4965 5498 6199 6499
18 79 565 1009 1408 1961 2478 2797 3144 3318 3652 3932 4222 4419 4876 5661 5971 6406 6758
25 80 794 1083 1293 1402 1506 1854 2282 2722 2973 3107 3244 3383 3525 3750 4311 4621 4958 5217 5665 5881 6093 6444 6598 6688
16 81 625 818 990 1419 1614 1857 2118 2424 2479 2632 2885 3226 3455 3709 5155
10 82 751 1098 1410 1723 2030 2190 2337 2891 3202
17 83 685 1308 1580 1923 2269 2936 3664 3843 4061 4279 4716 5168 5655 5928 6133 6547
19 84 771 1003 1351 1680 2055 2413 2754 3111 3945 4332 4546 4779 5164 5595 5967 6246 6476 6821
12 85 669 1035 1583 1781 2263 2678 3201 3430 4070 5487 6817
10 86 572 838 1086 1390 1873 2212 3940 5466 5737
25 87 435 761 1148 1382 1590 2073 2210 2286 2357 2598 2875 3174 3433 3867 4294 4607 4911 5353 5529 5818 5935 6135 6465 6805
19 88 415 1043 1281 1559 2255 2615 3096 3420 3501 3858 4031 4172 4559 5156 5610 5924 6175 6382
12 89 1517 2630 3134 3480 3680 4041 4381 4704 5220 5373 5740
15 90 733 1017 1259 1491 1623 2133 2568 2832 3058 3414 3614 5040 6369 6773
19 91 503 782 988 1302 1671 1872 2191 2938 3481 3797 4067 4361 5147 5781 6234 6492 6700 6888
23 92 630 828 1243 1660 1930 2202 2724 3137 3496 3893 4180 4399 4622 4944 5237 5640 6064 6383 6534 6780 6956 7072
19 93 764 1214 1571 2077 2270 2603 2711 2894 3203 3559 4072 4403 4789 4973 5378 5913 6426 6788
19 94 496 849 1257 1540 1840 1996 2204 2680 3298 3833 4719 5036 5288 5523 5699 5923 6065 6396
20 95 618 865 1097 1511 1715 2198 2576 2729 3133 3411 3598 3952 4306 4626 5003 5423 5753 6268 6603
20 96 613 1295 1886 2122 2652 3041 3435 3717 4129 4209 4525 4826 5259 5313 5549 5849 6116 6447 6697
13 97 869 1505 1710 2182 2593 3123 3545 3727 3884 4131 4375 4646
10 98 645 912 1129 1617 1865 2053 4016 6115 6281
15 99 437 1061 2596 3757 4068 4613 4834 4992 5440 5783 5980 6337 6730 6832
24 100 583 781 967 1499 1839 2140 2347 2605 2978 3197 3506 3882 4108 4387 4664 5039 5278 5527 5746 5895 6326 6592 6649
16 101 946 1493 1772 2134 2769 3415 3558 3926 4617 4795 4989 5344 5745 6313 6628
20 102 584 1391 1644 1917 2110 2667 2957 3170 3336 3548 3979 4210 4476 5025 5180 5442 5570 5914 6566
16 103 402 567 995 1599 2087 2416 2738 3043 3295 3370 3490 3850 4344 4698 5067
22 104 471 833 1396 1746 1944 2324 2636 2930 3011 3347 3617 3886 4040 4377 4635 4925 5267 5627 5957 6323 6651
14 105 661 1056 1581 1819 2103 2371 2550 3048 3388 4053 4438 4977 5332
12 106 671 777 1113 1713 2381 2923 3319 3494 3861 5160 6315
12 107 411 887 1187 1663 2107 2430 4080 5678 6109 6398 6727
19 108 792 1026 1514 1805 2098 2441 2683 3090 3555 3930 4092 4570 5021 5541 5807 6180 6533 6798
10 109 544 814 1048 1412 1719 1817 4058 6363 6803
20 110 728 893 1124 1353 1512 2120 2390 2594 2851 3316 3768 4052 4920 5196 5401 5735 6047 6181 6508
12 111 708 1143 2397 3629 4038 4243 4452 4600 5069 5184 5444
18 112 569 1040 1791 2161 2433 2777 3441 3747 3922 4235 4627 4924 5424 5672 5828 6325 6607
15 113 772 1127 1344 3141 4446 4648 5050 5215 5486 5911 6156 6350 6660 7004
13 114 563 2344 4093 4413 4700 5120 5473 5643 5890 6149 6290 6389
22 115 834 1081 1329 1632 1834 2028 2299 2590 2839 3250 3468 4014 4123 4680 5024 5399 5509 5880 6352 6532 6661
11 116 695 1145 1289 2027 2380 2805 3227 3824 5202 6537
15 117 514 762 1156 1721 2128 2549 3009 3260 3425 3621 3840 4133 4488 4829
14 118 434 852 1454 1735 2025 2435 2704 2979 3291 4485 5777 5921 6059
5 119 559 1135 3429 5649
19 120 740 1063 1216 1764 2463 3000 3407 3855 4112 4568 4862 5277 5457 5785 6215 6328 6368 6616
22 121 487 882 1112 1440 1689 2079 2307 2515 2755 3070 3255 3508 4050 4370 4650 4913 5293 5625 6166 6380 6765
23 122 586 951 1437 1711 1981 2351 2749 3232 3657 4095 4477 4750 5055 5256 5455 5822 5939 6069 6271 6375 6535 6779
10 123 480 612 908 1645 2360 2761 3057 3216 3560
21 124 660 949 1223 1543 1757 2075 2455 2870 3097 3382 3540 3953 4462 4608 4899 5250 5832 6074 6425 6656
24 125 552 779 889 1193 1577 1748 1980 2291 2640 2848 3092 3487 3836 4267 4461 4847 5026 5265 5575 5974 6124 6640 6924
13 126 729 910 1245 1553 1884 2178 2541 3705 5542 6295 6587 6726
19 127 824 1074 1509 1701 2180 2535 2828 3247 3466 3815 4042 4327 4619 4756 5014 5224 5497 5717
14 128 452 642 876 1319 2830 4088 4510 4906 5238 5544 5925 6397 7022
21 129 526 790 1069 1288 1447 1647 1893 2271 2699 2825 3404 3817 4004 4553 4712 5078 5547 5846 6129 6581
11 130 635 783 1015 1683 2218 2346 3988 5512 5683 6134
24 131 528 950 1322 2153 2423 2745 2924 3037 3130 3373 3484 3625 3898 4270 4459 4722 5193 5435 5765 5869 6046 6294 6802
15 132 607 1163 1676 2327 2877 3396 3763 3939 4136 4464 4748 5060 5281 6163
23 133 482 1054 1222 1488 1695 2650 3348 3532 3730 3984 4143 4285 4466 4751 5270 5539 5750 6071 6113 6367 6620 6971
18 134 421 682 913 1175 1368 1806 2215 2717 3658 4481 4935 5194 5452 5650 6032 6331 6734
20 135 602 817 1153 1541 1959 2483 3060 3572 3798 3978 4333 4658 5089 5244 5350 5794 6261 6572 6869
20 136 444 861 1138 1479 1910 2195 2475 2914 3039 3294 3702 4144 4457 4728 4988 5287 5641 5915 6189
15 137 1176 1698 1903 1998 3184 4379 4745 5073 5407 5510 5700 5885 6372 6866
14 138 479 899 1220 1337 1555 3391 4926 5199 5462 5613 5862 6146 6554
4 139 433 719 2384
9 140 739 793 1042 1558 1880 4179 6220 6602
19 141 767 1472 1965 2188 2443 2747 3284 3643 3924 4069 4440 4673 5016 5221 5580 6110 6340 6643
16 142 483 902 1305 1486 2046 2171 2793 3518 3785 4086 4325 5443 6613 6799 6949
15 143 558 1306 1612 1820 2043 2156 2499 2937 3352 3585 3729 4956 6374 6669
18 144 589 1363 1877 2142 2611 2901 3066 3456 3746 4120 4305 4575 4900 5454 5836 6117 6453
17 145 438 1034 1611 1845 2318 2485 2725 2920 3050 3469 3820 4077 4352 5386 6432 6818
20 146 665 952 1490 1938 2183 2566 2826 3245 3537 3971 4275 4713 5028 5341 5644 5847 6118 6418 6622
11 147 675 911 1399 3386 5419 5574 5831 6185 6431 6819
20 148 716 1154 1343 1677 1814 2376 2931 3287 3511 3651 3941 4298 4625 5057 5212 5479 6008 6298 6756
6 149 651 1077 1537 2021 2660
23 150 505 917 1203 1413 1684 1992 2497 2731 3030 3626 3687 3923 4272 4670 4856 5101 5335 5651 5937 6161 6595 6908
23 151 621 836 1238 1692 1892 2105 2273 2532 2816 3003 3395 3735 4064 4241 4671 5085 5201 5552 5721 6240 6528 6750
21 152 518 953 1215 1621 1868 2124 2622 2823 3209 3504 4100 4697 5158 5606 5738 6159 6347 6497 6648 6931
13 153 813 1312 1400 1785 2929 4303 4724 5242 5507 5701 5875 6256
23 154 406 532 986 1407 1656 1826 1968 2207 2606 2879 3267 3477 3692 4101 4363 4827 5087 5356 5690 6035 6384 6751
17 155 588 1005 1460 1811 2106 2259 2438 2664 3095 3329 3561 3706 3827 5086 6360 6701
19 156 654 1186 1801 2061 2527 3101 3334 3837 4288 4519 4618 4755 4990 5366 5697 6016 6355 6846
23 157 564 1041 1434 1640 1974 2076 2219 2505 2752 3138 3767 4515 4800 4980 5167 5495 5776 6079 6236 6478 6742 6839
17 158 604 1270 1470 1729 1937 2213 2542 2706 3103 3299 3379 3607 3789 4048 5141 6644
12 159 439 714 960 1139 1464 1802 2194 2519 2915 3306 3654
20 160 697 875 1277 1658 1837 2123 2555 2955 3113 3544 3773 4378 4657 5092 5324 5687 6026 6226 6767
22 161 698 1379 1636 1963 2233 2517 2765 3167 3489 3849 4197 4392 4702 4891 5225 5526 5871 6080 6442 6615 6933
23 162 673 932 1345 1630 1739 1962 2256 2526 2666 2890 3118 3387 3612 3963 4174 4533 4802 5389 5646 6216 6552 6654
22 163 536 962 1357 1534 1885 2196 2629 2916 3149 3457 3813 4083 4426 4738 5111 5436 5720 5843 6103 6312 6684
22 164 432 903 1122 1258 1556 1912 2304 2498 2983 3338 3889 4395 4798 5079 5222 5569 5879 6001 6167 6341 6475
11 165 968 1207 1294 1532 1657 2084 2261 2685 2887 4963
15 166 468 734 1213 1972 2230 2486 3903 5257 5516 5863 6027 6209 6356 6536
22 167 521 649 929 1274 1574 1870 2062 2242 2698 3110 3312 3860 4249 4835 5190 5709 5894 6253 6461 6636 6831
18 168 457 1080 1457 1932 2284 2810 2986 3357 3483 3635 4244 4733 5113 5233 5500 5764 6300
23 169 409 780 1331 1722 2141 2392 2663 3072 3261 3571 3933 4117 4354 4587 4879 5099 5409 5636 5908 6411 6653 6875
17 170 430 753 1028 1476 1673 1859 2223 2427 2619 3104 3895 4152 4527 4970 5143 5371
13 171 404 445 788 1462 1889 2252 2439 2860 3182 3405 3619 4027
23 172 461 881 1530 1705 2243 2437 2633 2882 3228 3623 3894 4130 4195 4458 4759 5166 5521 5702 5876 6098 6401 6606
17 173 732 1123 1335 1587 1874 3108 4299 4551 4964 5188 5404 5793 6105 6260 6559 6813
17 174 1642 3140 3502 3775 3995 4263 4451 4850 5300 5555 5900 6137 6286 6479 6707 6857
19 175 540 724 976 1268 1738 2036 2311 2643 2917 3176 3611 3976 4240 4508 4746 4986 5308 5578
9 176 703 1030 1290 1444 1836 2241 2500 2736
21 177 419 547 922 1084 1217 1458 1699 2222 2540 2822 3224 3478 4035 4422 4677 4849 5175 5408 5698 5975
20 178 456 964 1485 1812 1955 2250 2365 2588 2835 3136 3442 3765 4126 4376 4599 5002 5376 5712 6230
22 179 933 1542 2172 2570 2819 3303 3639 3871 3942 4339 4652 5012 5228 5522 5659 5820 6123 6296 6460 6711 6876
11 180 2260 3794 4227 4393 4558 4804 5031 5317 6009 6593
16 181 408 1104 1609 1827 2220 2767 3270 3426 3734 3965 4383 4706 4918 5084 5513
17 182 510 989 1285 1799 2265 3538 4703 4792 5019 5258 5515 5629 5792 6025 6297 6785
20 183 1031 1195 1589 1765 2231 2470 2953 3384 3594 3957 4460 4769 5041 5261 5445 5653 6100 6285 6650
20 184 694 1209 1552 1792 2092 2474 2964 3436 3603 3874 4196 4490 4808 5214 5518 5961 6408 6747 6937
15 185 556 851 938 1483 1629 2022 2211 2545 2969 3344 3685 4219 4417 5774
14 186 624 1106 1492 1866 2472 2651 2996 3187 3576 3848 4365 4794 5059
19 187 533 1085 1446 1737 2051 2289 2695 3158 3645 3961 4255 4892 5121 5345 5662 6142 6437 6573
23 188 512 786 1165 1316 1787 2024 2305 2487 2896 3305 3634 3973 4347 4564 4873 5148 5330 5749 6119 6342 6712 6878
19 189 805 1204 1513 2093 2539 2795 3264 3632 3972 4544 4633 4812 5124 5532 5947 6002 6132 6549
19 190 640 1021 1461 1915 2462 2815 3219 3531 3711 4060 4534 4820 5251 5563 5835 6099 6565 6864
20 191 857 1103 1278 1475 1767 1897 2209 2577 2919 3099 3300 3591 4026 4218 4561 4930 5102 5390 5780
24 192 493 1008 1164 1328 1750 2000 2494 2687 2829 2927 3059 3342 3662 3927 4289 4630 4790 5100 5420 5778 6023 6394 6739
22 193 592 1075 1276 1455 1593 1977 2396 2508 2708 2865 3163 3622 3753 4081 4369 4645 4872 5471 6038 6334 6543
21 194 776 1405 1725 2020 2216 2672 2995 3263 3568 3694 4297 4647 5054 5370 5680 5867 6233 6429 6704 6918
21 195 632 797 1010 1241 1474 1933 2411 2906 3235 3660 3847 4163 4504 4686 4881 5065 5396 5731 5944 6076
17 196 821 972 1253 1562 2315 3012 3368 3704 4140 4595 4936 5483 5827 6178 6482 6792
11 197 674 941 1205 1369 1776 2399 2866 4051 5431 5979
13 198 829 1180 1565 1941 2335 2641 2821 2976 3225 4594 5851 6259
19 199 795 1044 1439 2026 2694 2991 3434 3736 4147 4667 4805 5093 5311 5490 5658 6131 6637 6789
14 200 481 873 2421 3816 3969 4187 4362 4603 5058 5253 5384 5950 6504
23 201 469 759 863 1173 1494 1688 2019 2309 2476 3006 3476 3804 4001 4350 4448 4801 4994 5340 5830 6299 6538 6703
19 202 543 835 2165 3378 3574 3744 3966 4336 4592 4866 5009 5116 5428 5681 5771 6084 6358 6608
4 203 2789 5070 5343
18 204 407 571 840 1155 1682 2300 2959 3325 4079 4320 4815 5467 5725 5959 6241 6623 6810
21 205 426 681 1076 1265 1384 1847 2420 2530 2856 3025 3237 3563 3908 4134 4616 4921 5232 5545 5833 6274
21 206 699 1071 1619 1861 2199 2655 2796 3159 3542 3748 4176 4499 4689 4974 5427 5673 5861 6101 6472 6796
14 207 801 945 1191 1365 1862 2050 2312 2773 3204 3678 3853 4301 5660
17 208 754 1013 1300 1607 1769 2173 2533 3028 3994 4356 4591 4927 5152 5669 6203 6474
26 209 676 1169 1465 1654 1987 2415 2600 2818 3085 3239 3471 3842 4057 4225 4429 4660 5042 5318 5586 5808 6034 6316 6448 6635 6923
20 210 574 1059 1356 2045 2277 2613 2944 3605 4372 4566 4642 4734 4943 5191 5482 5801 6097 6417 6713
12 211 1381 3196 4330 4498 4696 4888 5062 5517 5878 6183 6563
15 212 970 1267 1610 2388 2693 3505 3777 4030 4324 4742 4947 5276 5468 5648
19 213 465 775 1235 1445 1777 2159 2429 2701 2981 3529 4188 4450 5206 5716 5999 6140 6322 6826
14 214 550 991 1450 1818 2166 2751 3828 5306 5685 6040 6219 6378 6861
15 215 566 1024 1557 1753 2003 2331 2740 3088 4444 5628 6011 6195 6324 6752
18 216 907 1307 1675 1843 2179 2379 2790 3125 3495 3771 4066 4368 4709 5178 5704 6206 6555
17 217 847 1182 1508 1763 2287 2654 3185 3593 3907 4175 4577 5022 5385 5583 5864 6404
14 218 1784 3033 3302 3470 3698 3810 4389 4693 4987 5260 5677 5938 6141
13 219 605 1260 1545 3128 4345 4739 5105 5298 5802 6423 6672 6950
19 220 670 1158 1315 1600 1887 2253 2410 2741 3143 3546 3864 4337 4744 5126 5474 5795 5997 6525
12 221 633 1125 1421 1995 2412 3751 5472 5936 6306 6748 6829
23 222 458 890 1092 1425 1585 1832 1969 2280 2551 2905 3192 3427 3852 4228 4681 4828 5103 5656 5839 6158 6500 6682
23 223 627 886 1047 1349 1766 2085 2313 2618 2902 3314 3630 4013 4268 4470 4889 5106 5406 5511 5635 6051 6362 6905
19 224 710 1089 1385 1809 2086 2402 2658 3023 3453 3835 4238 4632 5075 5291 5538 5809 6263 6677
23 225 509 810 1088 1576 1888 2235 2350 2635 2782 3271 3701 3997 4207 4602 4843 5144 5439 5611 5874 6081 6279 6578
14 226 650 1093 1529 2806 4313 4593 4912 5136 5470 5955 6196 6310 6503
16 227 702 1309 1551 2148 2513 2669 3528 4555 4824 5266 5418 5556 5909 6395 6835
24 228 462 730 1004 1535 1905 2349 2707 2852 3258 3431 3830 4010 4186 4295 4549 4885 5088 5429 5736 6070 6439 6675 6781
18 229 937 1237 1703 2033 2386 2560 2710 3428 3885 4017 4335 4683 4886 5163 5502 6003 6430
10 230 940 1453 1973 3355 4492 4910 5231 5652 5919
11 231 620 1079 1361 1708 1922 3124 4246 4482 4916 5284
18 232 459 737 1242 1591 1916 2310 2604 2876 3286 3628 3900 4312 4687 5153 5597 6112 6509
10 233 1651 2772 3106 3242 3655 4071 4467 5751 6930
16 234 594 1183 1549 1830 2097 2353 2585 2881 3413 3588 3967 4258 4604 5815 6685
14 235 648 987 1374 1858 2290 2509 2954 3674 3856 4076 4319 4520 5739
23 236 495 845 1370 1624 1831 2138 2442 2659 2843 3051 3406 3693 4178 4685 4831 5082 5296 5993 6419 6579 6609 6679
26 237 470 931 1210 1429 1620 1775 2101 2294 2501 2715 2965 3364 3596 3811 4085 4331 4437 4665 4914 5268 5501 5695 5838 6085 6410
19 238 582 1091 1481 1970 2616 2910 3081 3424 3738 3987 4157 4539 4907 5135 5392 5758 6270 6514
14 239 425 926 1320 1598 1788 2189 2295 2467 2874 2975 3189 3345 3647
18 240 1608 2801 3021 3241 3412 3541 3818 4049 4493 4969 5068 5295 5853 6086 6434 6596 6915
15 241 658 977 1473 1778 3131 4242 4521 4740 4788 5154 5489 5893 6188 6446
19 242 553 1150 1518 1804 2117 2306 2569 2861 3139 3304 3663 4002 4155 4217 4360 4547 4811 5360
21 243 727 1073 1618 1878 2320 2689 3173 3684 3878 3951 4137 4293 4541 4782 4984 5453 5670 6083 6311 6721
24 244 539 1221 1579 2108 2248 2529 2942 3171 3374 3618 3854 3935 4223 4431 4875 5115 5327 5587 5824 6041 6303 6632 6900
25 245 403 622 1161 1467 1603 1829 2169 2460 2624 2853 3132 3512 3996 4300 4509 4638 4784 5033 5189 5412 5870 6160 6462 6934
23 246 525 954 1247 1342 1838 2174 2496 2785 3069 3360 3710 3925 4213 4472 4871 5048 5328 5531 6095 6282 6589 6824
14 247 723 1572 2125 2506 2913 3543 3822 4252 4669 4937 5307 6010 6588
16 248 490 666 2054 3313 3681 4037 4182 4424 4714 4928 5192 5584 5796 6111 6293
20 249 799 1522 1849 2240 2831 3322 3646 3772 3992 4276 4513 4754 5098 5543 5689 6022 6277 6511 6952
19 250 501 802 1019 1055 1323 1876 2072 2192 2488 2720 3026 3292 3958 4104 4329 5607 6667 6865
10 251 672 1170 1398 1727 1940 2378 2677 3073 3341
11 252 467 773 2686 4489 4842 5197 5708 6042 6379 6557
19 253 599 961 1371 1780 2283 2833 3007 3450 3592 4043 4518 4718 4960 5245 5946 6568 6806 6986
10 254 770 1359 1924 2119 2528 4503 6556 6706 6997
14 255 653 1095 1310 1646 1936 2440 2647 2968 3315 3875 4110 4302 4483
17 256 554 725 860 1324 1690 1927 2132 2933 3380 3759 4161 4321 5355 6574 6743 6896
12 257 499 2419 3557 4045 4349 4640 5077 5230 5557 6075 6562
11 258 742 1568 1958 2163 2359 3094 3578 5142 6737 6939
19 259 850 1269 1953 2484 2719 2812 3340 3892 4164 4423 4764 5005 5361 5711 6126 6585 6718 6862
21 260 608 819 1533 2129 2489 2739 3093 3317 3482 3792 4102 4234 4474 4639 5044 5333 5560 5724 6173 6668
17 261 722 1394 1808 2236 2696 3127 3252 3954 4507 4869 5299 5558 5798 5912 6244 6626
14 262 500 778 1052 1314 1539 1983 2503 2804 2868 3145 3708 5337 6759
11 263 497 1012 1202 1376 3326 5171 5540 6030 6152 6631
13 264 616 1001 1318 1566 1925 2328 2546 2900 3181 3749 4139 4411
22 265 745 1225 1628 2001 2221 2481 2974 3462 3582 3732 4009 4215 4454 4732 4874 5240 5505 5873 6073 6231 6466
16 266 463 735 1099 1284 2617 3728 4153 4296 4390 5151 5503 5726 5904 6227 6477
16 267 841 1057 1321 1720 2010 2400 2639 2893 3393 3665 3943 4198 4611 4955 5114
20 268 687 1501 1700 2136 2477 2921 3205 3570 3868 4323 4688 4894 5145 5339 5668 5856 6013 6327 6841
22 269 752 1045 1386 1497 1594 2063 2446 2714 3065 3281 3715 3948 4191 4819 5304 5600 5748 5958 6144 6386 6676
23 270 555 927 1233 1480 1985 2338 2809 3112 3275 3447 3731 4098 4398 4701 4909 5149 5329 5551 5844 6329 6489 6725
19 271 690 1065 1436 1800 2060 2469 2958 3233 3500 3721 4044 4181 4752 5181 5630 6060 6443 6746
16 272 560 774 1224 1423 1717 1943 2267 2355 2597 2935 3210 3608 5320 6844 7018
11 273 484 883 1177 1771 2104 2401 2645 2939 4852 6778
21 274 508 919 1354 1815 2164 2454 2908 3410 3584 3910 4200 4445 4656 5047 5282 5694 5972 6122 6376 6597
23 275 580 1116 1279 1469 1649 2049 2562 2820 3120 3492 3918 4118 4355 4676 4762 5146 5561 5905 6205 6496 6652 6786
18 276 453 807 1366 2067 2314 2575 2871 2994 3193 4366 5784 6052 6136 6338 6381 6800 7024
23 277 668 1120 1424 1707 2058 2537 2838 2980 3063 3446 3601 3779 4259 4415 4787 5119 5264 5618 5988 6192 6387 6859
25 278 623 920 1137 1468 1718 1900 2066 2321 2599 2987 3195 3365 3661 3897 4094 4256 4486 4863 5279 5692 5889 6388 6638 6769
22 279 424 832 1172 1597 1824 2011 2340 2564 2827 3061 3565 3743 3950 4142 4586 5133 5394 5826 6145 6586 6698
18 280 486 1392 1752 2044 2139 2362 2637 3001 3288 4316 5235 5492 5922 6186 6415 6690 6849
10 281 596 969 1388 1783 2099 3236 4418 4588 5910
17 282 516 827 973 1334 1733 1928 2150 2369 2445 3959 5434 5639 6177 6428 6702 6836
15 283 530 864 1665 2009 2465 2743 3053 3323 3909 4141 4405 4903 5061 5226
23 284 688 1498 1964 2184 2544 2846 2960 3102 3408 3762 4090 4342 4468 4908 5007 5203 5528 5852 6107 6317 6513 6827
12 285 646 918 1179 1573 1846 2251 2670 3416 3567 3911 4427
20 286 446 1050 1338 1631 1807 2029 2319 2521 2763 3151 3349 3516 4189 4529 4810 5634 6007 6212 6540
19 287 808 1037 1825 2732 3019 3272 3949 4596 4729 4841 4940 5388 5564 5965 6182 6283 6457 6512
14 288 472 656 1002 2201 3278 3600 4023 4109 4397 4574 4858 5173 5553
7 289 441 1022 2394 3604 3756 3936
12 290 537 796 1109 1409 1786 2126 2492 2758 4731 6629 6766
15 291 700 1189 1595 1909 2080 2405 2771 3086 4177 5469 5882 6130 6269 6657
17 292 478 757 854 1536 2018 2584 2989 3208 3461 3589 3761 3904 4314 4580 5246 5562
21 293 577 898 1327 1867 2170 2272 2451 2925 3229 3569 3769 3931 4121 4579 4946 5157 5577 5883 6353 6618
15 294 498 894 1860 2358 2730 3045 3179 3627 3783 3980 4382 4484 4736 5989
21 295 491 705 914 1167 1377 1851 2095 2246 2580 3049 3493 3788 4206 4348 4442 4853 5183 5403 5714 5969
20 296 449 715 884 1452 1760 2186 2631 2945 3109 3392 3719 4000 4406 4865 5125 5426 5942 6096 6330
15 297 811 1206 2197 3152 3332 3443 3676 4082 4614 5074 5204 5460 5705 6191
14 298 629 948 1456 1879 2266 2625 2895 3056 3472 3916 4114 4491 4838
18 299 626 935 1502 1994 2175 2326 2586 2811 3248 3615 3981 4283 4747 4998 5402 5671 5985
9 300 436 812 1094 1548 1813 2176 4505 6645
19 301 1062 1348 1661 1967 2203 2601 2878 3089 3311 3829 4334 4583 4816 4938 5229 5789 6017 6214
21 302 570 880 1282 1871 2068 2244 2644 2872 3238 3640 3990 4394 4763 5207 5663 5825 6307 6490 6642 6863
22 303 736 1068 1372 1653 1822 1942 2323 2579 2780 3027 3535 3741 4103 4231 4581 4776 5063 5368 5679 6488 6848
21 304 562 765 1011 1280 1747 2089 2352 2567 3014 3549 3802 4162 4552 4760 4971 5367 5684 6044 6458 6621
20 305 924 1184 1451 1875 2466 2733 2966 3256 3901 4184 4663 4859 5097 5338 5755 6050 6224 6454 6852
9 306 2675 4836 5657 6067 6309 6695 6926 7076
23 307 609 1234 1524 1960 2303 2609 3002 3164 3398 3787 3955 4287 4610 4893 4953 5346 5779 5996 6151 6440 6655 6804
26 308 504 925 1136 1256 1584 1714 1856 2078 2434 2700 2909 2992 3240 3417 3666 3821 4025 4326 4774 5397 5676 5970 6292 6471 6783
22 309 448 858 994 1443 1768 2127 2373 2668 2970 3522 3690 3985 4291 4439 4902 5083 5414 5674 6210 6459 6659
14 310 1687 2862 3200 3499 3683 3780 3915 4149 4524 4741 4931 5421 5573
11 311 1990 3243 3554 3739 4226 4791 5027 5140 5816 6245
17 312 704 900 1144 1560 2083 2690 3129 3448 3682 3982 4455 4777 5117 5524 5817 6062
12 313 928 1526 1833 2205 2583 2889 3169 3564 3791 4239 4694
6 314 706 1105 2448 4629 6201
14 315 517 1032 1438 1652 2177 3575 5013 5130 5425 5790 6053 6481 6992
14 316 442 936 1211 1550 1773 2268 2553 2837 3084 3337 3809 4420 5841
20 317 758 983 1430 2090 2525 2788 3015 3458 3550 3866 4034 4214 4813 5015 5312 5626 6045 6229 6480
13 318 872 2334 3686 4008 4262 4531 4654 4985 5380 5872 6335 6696
11 319 657 1178 2922 4410 4761 5053 5491 5887 6278 6663
21 320 712 1142 1655 2143 2325 2468 2854 3310 3675 3823 3974 4199 4494 4950 5432 5791 5927 6108 6470 6909
17 321 522 825 1196 1303 1731 1976 2387 2760 3234 3583 3834 3902 4059 4257 4479 4793
18 322 701 831 1325 1728 2112 2726 3190 3488 3793 4089 4432 4917 5161 5475 6012 6314 6871
14 323 904 1264 1569 1956 3279 4517 4691 5187 5269 5504 5664 6155 6564
24 324 763 1383 1606 2035 2185 2444 2757 3054 3308 3440 3766 3991 4250 4537 4786 4993 5316 5645 5948 6082 6344 6646 6943
10 325 492 2582 4837 5262 5571 5901 6250 6522 6724
21 326 585 1033 1596 1749 2069 2450 2673 3172 3359 3695 3962 4251 4480 4821 5107 5364 5747 6058 6371 6815
19 327 768 1774 2296 2649 3074 3653 3968 4248 4526 4659 4933 5090 5415 5567 5759 6128 6433 6689
20 328 663 803 1188 1358 1935 2254 2531 2737 3055 3486 3807 4084 4506 4975 5297 5535 5727 5891 6681
14 329 631 1200 1432 1863 2200 2623 2783 3042 3381 4809 6187 6468 6812
9 330 644 957 1339 3642 5837 6232 6510 6847
15 331 494 943 2363 3672 3805 4150 4573 5032 5309 5484 5811 6289 6584 6716
21 332 755 1110 1426 1957 2436 2786 3032 3156 3376 3624 4096 4441 4771 4967 5336 5723 5858 6391 6772 6983
16 333 527 826 1121 1236 1743 1939 2301 2548 3013 3301 3577 3883 4208 4560 4868
18 334 684 1401 1667 1795 2239 2464 2634 2888 3188 3699 4122 4572 5174 5506 5868 6354 6680
15 335 506 844 1301 1672 1896 1920 2130 2316 2768 3213 3722 4145 4535 4679
10 336 726 1380 1798 1948 2228 2367 2581 4783 6674
16 337 677 798 1406 1971 2137 2409 2676 3079 3362 4620 5733 6077 6366 6523 6858
15 338 611 963 1181 1428 1951 2145 2431 2762 3178 3697 3946 4138 5519 6728
20 339 823 1201 1352 1754 1978 2490 2774 3246 4124 4409 4725 5030 5302 5623 5845 6257 6422 6546 6575
21 340 760 1226 1415 1762 2057 2398 2697 3017 3385 3712 3865 4165 4346 4496 4972 5451 5888 6066 6364 6617
18 341 595 1070 1466 1759 2227 2516 2932 3146 3454 3790 4233 4502 4758 5023 5352 5812 6237
19 342 534 939 1102 1681 1929 2096 2554 2880 3165 3438 4015 4475 5292 5446 5631 5813 6413 6662
24 343 431 679 992 1350 1758 2167 2507 3080 3346 3402 3670 3814 3960 4211 4414 4707 4839 5122 5289 5608 5906 6222 6754
13 344 686 1038 1375 1794 2168 2449 2684 3071 3638 4982 6121 6526
21 345 412 1014 1389 1570 1898 2149 2425 2626 2824 2947 3249 3597 3859 4245 4576 4770 4951 5227 5416 5742
19 346 785 1016 1525 2064 2453 2746 2883 3206 3752 4338 4434 4615 4991 5322 5814 6078 6416 7002
24 347 429 662 787 1134 1347 1740 2039 2395 2595 2779 2961 3350 3587 3831 4073 4380 4830 5271 5566 5741 5821 6320 6856
19 348 664 998 1489 1789 2522 2990 3251 3372 3547 3869 4171 4425 4727 5200 5536 5917 6346 6699
12 349 520 692 906 1141 1364 1730 1891 2258 2592 2946 3321
18 350 1130 1527 1704 1950 2065 2214 2721 3191 3510 3899 4204 4649 5049 5236 5728 6120 6420
22 351 856 1292 1592 1842 2302 2775 2967 3307 3641 3912 4018 4160 4328 4628 5000 5508 5866 6033 6304 6693 6882
15 352 800 1160 1563 3064 4229 4408 4612 4966 5172 5359 5932 6343 6487 6809
19 353 689 982 1304 1696 1931 2393 2702 3168 3562 3795 3938 4148 4582 4840 5219 5550 5850 6172
10 354 822 1416 2131 2571 2766 2993 3390 3696 5169
16 355 422 741 923 2187 3509 3700 4159 4532 4945 5255 5766 5973 6301 6641 6807
20 356 837 1149 1516 1882 2383 2674 2776 2962 3166 3595 3947 4290 4512 4846 5218 5589 6048 6361 6506
11 357 410 614 975 1159 3361 5381 5599 5884 6248 6720
15 358 606 921 1332 1538 1913 2406 2869 3147 4318 5666 5855 6087 6359 6670
24 359 405 591 862 1007 1588 2017 2366 2602 3022 3366 3473 3707 3863 4146 4412 4922 5104 5342 5614 5998 6305 6518 6902
20 360 639 1157 1442 2160 2547 2836 3148 3520 3636 3770 3937 4269 4605 4934 5447 5579 5896 6275 6427
12 361 743 981 1297 1823 2056 2538 2898 3207 4867 6249 6775
9 362 1114 2756 3879 4097 4265 4556 4890 5091
13 363 683 1162 1622 1934 2275 2511 2709 3905 5363 5617 6024 6200
12 364 1979 3656 4063 4308 4523 5095 5713 5952 6235 6570 6763
11 365 568 1362 1793 2158 2341 2610 2845 3115 3491 5109
13 366 427 974 1208 2728 3906 4278 4672 5029 5382 6004 6264 6708
8 367 958 1251 1515 1855 4351 6495 6944
11 368 1904 3419 3800 4033 4309 4651 4983 5209 5581 5859
20 369 647 1239 1643 1782 2048 2343 3126 3320 3839 4029 4310 4589 4877 5216 5477 5612 5986 6218 6455
10 370 428 1000 3268 5176 5582 5854 6054 6409 6731
19 371 637 956 1229 1666 2356 2557 2998 3524 3914 4193 4511 5034 5459 5675 5842 6251 6715 7026
13 372 538 1027 2556 4156 4373 5017 5303 5638 6092 6407 6619 6776
19 373 601 1147 1471 1668 1986 2293 2612 2977 3613 4046 4271 4407 4653 4833 5038 5301 5619 6018
21 374 511 892 1249 1650 1895 2237 2928 3328 3609 3872 4055 4190 4307 4430 4623 4957 5241 5596 5941 6412
17 375 866 1317 1686 2135 2578 2813 2972 3180 3507 4065 5096 5722 6049 6265 6551 6814
17 376 502 859 1058 1554 2041 2274 2403 2642 3153 3296 3644 4039 4166 4463 4775 4941
24 377 738 1151 1311 1648 1901 2113 2330 2884 2950 3114 3363 3841 4168 4428 4609 4823 5351 5456 5585 5707 6057 6373 6633
21 378 531 896 1111 1709 2052 2480 3254 3451 3673 3782 4005 4404 4855 5108 5438 5601 5819 6204 6493 6576
13 379 955 1367 1926 2285 2864 3117 3521 3733 4203 4443 4717 5897
13 380 420 590 1067 2834 4315 4571 4773 5315 5461 5920 6272 6733
18 381 750 1168 1604 2162 2656 3034 3289 3637 3964 4516 5080 5464 5865 6061 6239 6639 7074
19 382 846 1433 2023 2495 2873 3212 3401 3463 3689 4135 4749 5076 5239 5496 5744 5899 6104 6605
13 383 466 766 2094 3259 3778 4212 4799 5252 5548 5647 5954 6550
12 384 1244 1890 2157 2329 2614 2814 3008 3530 4099 4690 4949
15 385 485 587 816 1272 1500 1803 3211 4684 4942 5433 5788 6114 6451 6828
13 386 477 895 1246 2589 4280 4772 5375 5806 5966 6063 6445 6838
15 387 711 959 1422 2034 2504 2941 3230 4433 5760 6014 6217 6671 6757 6929
21 388 1117 1411 2292 2563 2648 2999 3217 3369 3514 3679 3920 4019 4236 4538 4825 5247 5572 5951 6153 6424
19 389 1100 1561 2013 2193 2491 2857 3445 3774 4340 4674 4806 4904 5131 5334 5929 6308 6469 6634
12 390 451 839 1192 3282 5208 5499 5719 5945 6202 6473 6790
13 391 523 789 1298 1919 2208 2391 2461 2971 3121 3375 3620 4011
15 392 603 853 1261 1420 1659 2032 2345 2627 3024 3280 3602 3881 4230 4557
18 393 628 1198 1503 1670 2408 2770 3004 3222 3742 4304 4578 4710 4939 5357 5730 6276 6768
9 394 414 756 1232 1477 1742 2074 2573 5081
12 395 557 804 1230 1496 1756 2116 2432 2552 2841 2911 3358
18 396 400 855 1171 1395 1662 1744 2147 2712 3018 3394 3714 4003 4421 4624 5004 5358 5559
13 397 440 1101 1427 1984 2536 2748 2997 3262 3616 3870 5006 6170
16 398 515 980 1313 1726 2015 3155 4277 4540 4807 5314 5761 6102 6438 6571 6853
12 399 475 820 2855 4785 5150 5321 5615 6106 6385 6732 6870
